<?xml version="1.0" encoding="UTF-8"?>
<robot generator="Robot 6.0.2 (Python 3.11.1 on win32)" generated="20230117 16:50:43.189" rpa="false" schemaversion="3">
<suite id="s1" name="Home" source="C:\Users\manopriya\Desktop\Test\home.robot">
<test id="s1-t1" name="MyFirstTest" line="2">
<kw name="Log" library="BuiltIn">
<arg>Hello World!!!</arg>
<doc>Logs the given message with the given level.</doc>
<msg timestamp="20230117 16:50:43.230" level="INFO">Hello World!!!</msg>
<status status="PASS" starttime="20230117 16:50:43.230" endtime="20230117 16:50:43.230"/>
</kw>
<status status="PASS" starttime="20230117 16:50:43.229" endtime="20230117 16:50:43.230"/>
</test>
<status status="PASS" starttime="20230117 16:50:43.191" endtime="20230117 16:50:43.232"/>
</suite>
<statistics>
<total>
<stat pass="1" fail="0" skip="0">All Tests</stat>
</total>
<tag>
</tag>
<suite>
<stat pass="1" fail="0" skip="0" id="s1" name="Home">Home</stat>
</suite>
</statistics>
<errors>
</errors>
</robot>
